#
# There is insufficient memory for the Java Runtime Environment to continue.
# Native memory allocation (mmap) failed to map 171966464 bytes for committing reserved memory.
# Possible reasons:
#   The system is out of physical RAM or swap space
#   In 32 bit mode, the process size limit was hit
# Possible solutions:
#   Reduce memory load on the system
#   Increase physical memory or swap space
#   Check if swap backing store is full
#   Use 64 bit Java on a 64 bit OS
#   Decrease Java heap size (-Xmx/-Xms)
#   Decrease number of Java threads
#   Decrease Java thread stack sizes (-Xss)
#   Set larger code cache with -XX:ReservedCodeCacheSize=
# This output file may be truncated or incomplete.
#
#  Out of Memory Error (os_linux.cpp:2627), pid=18321, tid=140006996236032
#
# JRE version: Java(TM) SE Runtime Environment (8.0_60-b27) (build 1.8.0_60-b27)
# Java VM: Java HotSpot(TM) 64-Bit Server VM (25.60-b23 mixed mode linux-amd64 compressed oops)
# Failed to write core dump. Core dumps have been disabled. To enable core dumping, try "ulimit -c unlimited" before starting Java again
#

---------------  T H R E A D  ---------------

Current thread (0x00007f5600073000):  VMThread [stack: 0x00007f55eb36d000,0x00007f55eb46e000] [id=18330]

Stack: [0x00007f55eb36d000,0x00007f55eb46e000],  sp=0x00007f55eb46c220,  free space=1020k
Native frames: (J=compiled Java code, j=interpreted, Vv=VM code, C=native code)
V  [libjvm.so+0xab97ea]  VMError::report_and_die()+0x2ba
V  [libjvm.so+0x4f9dab]  report_vm_out_of_memory(char const*, int, unsigned long, VMErrorType, char const*)+0x8b
V  [libjvm.so+0x91a7c3]  os::Linux::commit_memory_impl(char*, unsigned long, bool)+0x103
V  [libjvm.so+0x91ad19]  os::pd_commit_memory(char*, unsigned long, unsigned long, bool)+0x29
V  [libjvm.so+0x91502a]  os::commit_memory(char*, unsigned long, unsigned long, bool)+0x2a
V  [libjvm.so+0x9886d3]  PSVirtualSpace::expand_by(unsigned long)+0x53
V  [libjvm.so+0x978fc0]  PSOldGen::expand(unsigned long)+0x170
V  [libjvm.so+0x9791cb]  PSOldGen::resize(unsigned long)+0x1cb
V  [libjvm.so+0x980ea1]  PSParallelCompact::invoke_no_policy(bool)+0x991
V  [libjvm.so+0x9867fd]  PSScavenge::invoke()+0x1ad
V  [libjvm.so+0x93e430]  ParallelScavengeHeap::failed_mem_allocate(unsigned long)+0x70
V  [libjvm.so+0xabb207]  VM_ParallelGCFailedAllocation::doit()+0x97
V  [libjvm.so+0xac2c35]  VM_Operation::evaluate()+0x55
V  [libjvm.so+0xac100a]  VMThread::evaluate_operation(VM_Operation*)+0xba
V  [libjvm.so+0xac138e]  VMThread::loop()+0x1ce
V  [libjvm.so+0xac1800]  VMThread::run()+0x70
V  [libjvm.so+0x91cb88]  java_start(Thread*)+0x108

VM_Operation (0x00007f55b92173f0): ParallelGCFailedAllocation, mode: safepoint, requested by thread 0x00007f55c0004800


---------------  P R O C E S S  ---------------

Java Threads: ( => current thread )
  0x00007f55b4121000 JavaThread "clojure-agent-send-off-pool-6" [_thread_blocked, id=18356, stack(0x00007f55afbfe000,0x00007f55afcff000)]
  0x00007f55b411f800 JavaThread "clojure-agent-send-off-pool-5" [_thread_blocked, id=18355, stack(0x00007f55afcff000,0x00007f55afe00000)]
  0x00007f55bc006000 JavaThread "client-worker-2" daemon [_thread_blocked, id=18354, stack(0x00007f55b80e5000,0x00007f55b81e6000)]
  0x00007f55bc004000 JavaThread "client-worker-1" daemon [_thread_blocked, id=18353, stack(0x00007f55b81e6000,0x00007f55b82e7000)]
  0x00007f55b412e800 JavaThread "client-loop" daemon [_thread_blocked, id=18352, stack(0x00007f55b8904000,0x00007f55b8a05000)]
  0x0000000000b99800 JavaThread "clojure-agent-send-pool-2" daemon [_thread_blocked, id=18351, stack(0x00007f55b8c16000,0x00007f55b8d17000)]
  0x00007f55c0006000 JavaThread "clojure-agent-send-off-pool-4" [_thread_blocked, id=18350, stack(0x00007f55b8d17000,0x00007f55b8e18000)]
  0x0000000000b92000 JavaThread "clojure-agent-send-pool-1" daemon [_thread_blocked, id=18349, stack(0x00007f55b8e18000,0x00007f55b8f19000)]
  0x0000000000b94000 JavaThread "clojure-agent-send-pool-0" daemon [_thread_blocked, id=18348, stack(0x00007f55b8f19000,0x00007f55b901a000)]
  0x00007f55a8009800 JavaThread "nREPL-worker-0" daemon [_thread_blocked, id=18347, stack(0x00007f55b901a000,0x00007f55b911b000)]
  0x00007f55c0004800 JavaThread "clojure-agent-send-off-pool-3" [_thread_blocked, id=18346, stack(0x00007f55b911b000,0x00007f55b921c000)]
  0x00007f55b40ec000 JavaThread "clojure-agent-send-off-pool-2" [_thread_in_native, id=18345, stack(0x00007f55b921c000,0x00007f55b931d000)]
  0x00007f5600e10800 JavaThread "clojure-agent-send-off-pool-1" [_thread_in_native, id=18339, stack(0x00007f55ea204000,0x00007f55ea305000)]
  0x00007f5600e0f000 JavaThread "clojure-agent-send-off-pool-0" [_thread_blocked, id=18338, stack(0x00007f55ea305000,0x00007f55ea406000)]
  0x00007f56000bb800 JavaThread "Service Thread" daemon [_thread_blocked, id=18336, stack(0x00007f55eab99000,0x00007f55eac9a000)]
  0x00007f56000b6800 JavaThread "C1 CompilerThread1" daemon [_thread_blocked, id=18335, stack(0x00007f55eac9a000,0x00007f55ead9b000)]
  0x00007f56000b4000 JavaThread "C2 CompilerThread0" daemon [_thread_blocked, id=18334, stack(0x00007f55ead9b000,0x00007f55eae9c000)]
  0x00007f56000b2800 JavaThread "Signal Dispatcher" daemon [_thread_blocked, id=18333, stack(0x00007f55eae9c000,0x00007f55eaf9d000)]
  0x00007f560007a000 JavaThread "Finalizer" daemon [_thread_blocked, id=18332, stack(0x00007f55eb16b000,0x00007f55eb26c000)]
  0x00007f5600078000 JavaThread "Reference Handler" daemon [_thread_blocked, id=18331, stack(0x00007f55eb26c000,0x00007f55eb36d000)]
  0x00007f5600009800 JavaThread "main" [_thread_blocked, id=18323, stack(0x00007f5606f32000,0x00007f5607033000)]

Other Threads:
=>0x00007f5600073000 VMThread [stack: 0x00007f55eb36d000,0x00007f55eb46e000] [id=18330]
  0x00007f56000be800 WatcherThread [stack: 0x00007f55eaa98000,0x00007f55eab99000] [id=18337]

VM state:at safepoint (normal execution)

VM Mutex/Monitor currently owned by a thread:  ([mutex/lock_event])
[0x00007f56000067c0] ExpandHeap_lock - owner thread: 0x00007f5600073000
[0x00007f5600006e40] Threads_lock - owner thread: 0x00007f5600073000
[0x00007f5600007340] Heap_lock - owner thread: 0x00007f55c0004800

Heap:
 PSYoungGen      total 454656K, used 0K [0x00000000d6600000, 0x0000000100000000, 0x0000000100000000)
  eden space 227328K, 0% used [0x00000000d6600000,0x00000000d6600000,0x00000000e4400000)
  from space 227328K, 0% used [0x00000000f2200000,0x00000000f2200000,0x0000000100000000)
  to   space 227328K, 0% used [0x00000000e4400000,0x00000000e4400000,0x00000000f2200000)
 ParOldGen       total 1196032K, used 1127681K [0x0000000083200000, 0x00000000cc200000, 0x00000000d6600000)
  object space 1196032K, 94% used [0x0000000083200000,0x00000000c7f406b0,0x00000000cc200000)
 Metaspace       used 75892K, capacity 102512K, committed 102680K, reserved 1122304K
  class space    used 20886K, capacity 29594K, committed 29720K, reserved 1048576K

Card table byte_map: [0x00007f55f0c18000,0x00007f55f1000000] byte_map_base: 0x00007f55f07ff000

Marking Bits: (ParMarkBitMap*) 0x00007f560642bde0
 Begin Bits: [0x00007f55ecba6000, 0x00007f55eeade000)
 End Bits:   [0x00007f55eeade000, 0x00007f55f0a16000)

Polling page: 0x00007f5607051000

CodeCache: size=245760Kb used=12791Kb max_used=12791Kb free=232968Kb
 bounds [0x00007f55f1000000, 0x00007f55f1c80000, 0x00007f5600000000]
 total_blobs=6123 nmethods=5660 adapters=374
 compilation: enabled

Compilation events (10 events):
Event: 34.630 Thread 0x00007f56000b6800 5680       1       sun.nio.ch.SelectorImpl::select (34 bytes)
Event: 34.631 Thread 0x00007f56000b6800 nmethod 5680 0x00007f55f1c7c690 code [0x00007f55f1c7c800, 0x00007f55f1c7ca18]
Event: 34.631 Thread 0x00007f56000b6800 5681   !   1       sun.nio.ch.SelectorImpl::lockAndDoSelect (72 bytes)
Event: 34.631 Thread 0x00007f56000b6800 nmethod 5681 0x00007f55f1c7cb10 code [0x00007f55f1c7ccc0, 0x00007f55f1c7d378]
Event: 34.702 Thread 0x00007f56000b6800 5682       1       java.net.InetAddress::holder (5 bytes)
Event: 34.702 Thread 0x00007f56000b6800 nmethod 5682 0x00007f55f1c7d7d0 code [0x00007f55f1c7d920, 0x00007f55f1c7da30]
Event: 34.909 Thread 0x00007f56000b6800 5683       1       mranderson046.http_kit.v2v1v19.org.httpkit.client$prepare_response_headers$fn__7528::invoke (70 bytes)
Event: 34.909 Thread 0x00007f56000b6800 nmethod 5683 0x00007f55f1c7da90 code [0x00007f55f1c7dc80, 0x00007f55f1c7e158]
Event: 35.262 Thread 0x00007f56000b6800 5684       1       refactornrepl200SNAPSHOT.com.fasterxml.jackson.core.base.ParserBase::resetInt (29 bytes)
Event: 35.262 Thread 0x00007f56000b6800 nmethod 5684 0x00007f55f1c7e490 code [0x00007f55f1c7e5e0, 0x00007f55f1c7e710]

GC Heap History (10 events):
Event: 34.554 GC heap after
Heap after GC invocations=23 (full 6):
 PSYoungGen      total 362496K, used 130624K [0x00000000d6600000, 0x0000000100000000, 0x0000000100000000)
  eden space 231424K, 0% used [0x00000000d6600000,0x00000000d6600000,0x00000000e4800000)
  from space 131072K, 99% used [0x00000000e4800000,0x00000000ec790000,0x00000000ec800000)
  to   space 227328K, 0% used [0x00000000f2200000,0x00000000f2200000,0x0000000100000000)
 ParOldGen       total 894976K, used 610549K [0x0000000083200000, 0x00000000b9c00000, 0x00000000d6600000)
  object space 894976K, 68% used [0x0000000083200000,0x00000000a863d508,0x00000000b9c00000)
 Metaspace       used 75892K, capacity 102512K, committed 102680K, reserved 1122304K
  class space    used 20886K, capacity 29594K, committed 29720K, reserved 1048576K
}
Event: 35.649 GC heap before
{Heap before GC invocations=24 (full 6):
 PSYoungGen      total 362496K, used 362048K [0x00000000d6600000, 0x0000000100000000, 0x0000000100000000)
  eden space 231424K, 100% used [0x00000000d6600000,0x00000000e4800000,0x00000000e4800000)
  from space 131072K, 99% used [0x00000000e4800000,0x00000000ec790000,0x00000000ec800000)
  to   space 227328K, 0% used [0x00000000f2200000,0x00000000f2200000,0x0000000100000000)
 ParOldGen       total 894976K, used 610549K [0x0000000083200000, 0x00000000b9c00000, 0x00000000d6600000)
  object space 894976K, 68% used [0x0000000083200000,0x00000000a863d508,0x00000000b9c00000)
 Metaspace       used 75892K, capacity 102512K, committed 102680K, reserved 1122304K
  class space    used 20886K, capacity 29594K, committed 29720K, reserved 1048576K
Event: 36.207 GC heap after
Heap after GC invocations=24 (full 6):
 PSYoungGen      total 454656K, used 127328K [0x00000000d6600000, 0x0000000100000000, 0x0000000100000000)
  eden space 227328K, 0% used [0x00000000d6600000,0x00000000d6600000,0x00000000e4400000)
  from space 227328K, 56% used [0x00000000f2200000,0x00000000f9e58000,0x0000000100000000)
  to   space 227328K, 0% used [0x00000000e4400000,0x00000000e4400000,0x00000000f2200000)
 ParOldGen       total 894976K, used 741517K [0x0000000083200000, 0x00000000b9c00000, 0x00000000d6600000)
  object space 894976K, 82% used [0x0000000083200000,0x00000000b0623508,0x00000000b9c00000)
 Metaspace       used 75892K, capacity 102512K, committed 102680K, reserved 1122304K
  class space    used 20886K, capacity 29594K, committed 29720K, reserved 1048576K
}
Event: 36.207 GC heap before
{Heap before GC invocations=25 (full 7):
 PSYoungGen      total 454656K, used 127328K [0x00000000d6600000, 0x0000000100000000, 0x0000000100000000)
  eden space 227328K, 0% used [0x00000000d6600000,0x00000000d6600000,0x00000000e4400000)
  from space 227328K, 56% used [0x00000000f2200000,0x00000000f9e58000,0x0000000100000000)
  to   space 227328K, 0% used [0x00000000e4400000,0x00000000e4400000,0x00000000f2200000)
 ParOldGen       total 894976K, used 741517K [0x0000000083200000, 0x00000000b9c00000, 0x00000000d6600000)
  object space 894976K, 82% used [0x0000000083200000,0x00000000b0623508,0x00000000b9c00000)
 Metaspace       used 75892K, capacity 102512K, committed 102680K, reserved 1122304K
  class space    used 20886K, capacity 29594K, committed 29720K, reserved 1048576K
Event: 39.536 GC heap after
Heap after GC invocations=25 (full 7):
 PSYoungGen      total 454656K, used 0K [0x00000000d6600000, 0x0000000100000000, 0x0000000100000000)
  eden space 227328K, 0% used [0x00000000d6600000,0x00000000d6600000,0x00000000e4400000)
  from space 227328K, 0% used [0x00000000f2200000,0x00000000f2200000,0x0000000100000000)
  to   space 227328K, 0% used [0x00000000e4400000,0x00000000e4400000,0x00000000f2200000)
 ParOldGen       total 1196032K, used 868069K [0x0000000083200000, 0x00000000cc200000, 0x00000000d6600000)
  object space 1196032K, 72% used [0x0000000083200000,0x00000000b81b9540,0x00000000cc200000)
 Metaspace       used 75892K, capacity 102512K, committed 102680K, reserved 1122304K
  class space    used 20886K, capacity 29594K, committed 29720K, reserved 1048576K
}
Event: 40.601 GC heap before
{Heap before GC invocations=26 (full 7):
 PSYoungGen      total 454656K, used 227328K [0x00000000d6600000, 0x0000000100000000, 0x0000000100000000)
  eden space 227328K, 100% used [0x00000000d6600000,0x00000000e4400000,0x00000000e4400000)
  from space 227328K, 0% used [0x00000000f2200000,0x00000000f2200000,0x0000000100000000)
  to   space 227328K, 0% used [0x00000000e4400000,0x00000000e4400000,0x00000000f2200000)
 ParOldGen       total 1196032K, used 868069K [0x0000000083200000, 0x00000000cc200000, 0x00000000d6600000)
  object space 1196032K, 72% used [0x0000000083200000,0x00000000b81b9540,0x00000000cc200000)
 Metaspace       used 75892K, capacity 102512K, committed 102680K, reserved 1122304K
  class space    used 20886K, capacity 29594K, committed 29720K, reserved 1048576K
Event: 40.856 GC heap after
Heap after GC invocations=26 (full 7):
 PSYoungGen      total 454656K, used 130048K [0x00000000d6600000, 0x0000000100000000, 0x0000000100000000)
  eden space 227328K, 0% used [0x00000000d6600000,0x00000000d6600000,0x00000000e4400000)
  from space 227328K, 57% used [0x00000000e4400000,0x00000000ec300000,0x00000000f2200000)
  to   space 227328K, 0% used [0x00000000f2200000,0x00000000f2200000,0x0000000100000000)
 ParOldGen       total 1196032K, used 868069K [0x0000000083200000, 0x00000000cc200000, 0x00000000d6600000)
  object space 1196032K, 72% used [0x0000000083200000,0x00000000b81b9540,0x00000000cc200000)
 Metaspace       used 75892K, capacity 102512K, committed 102680K, reserved 1122304K
  class space    used 20886K, capacity 29594K, committed 29720K, reserved 1048576K
}
Event: 41.919 GC heap before
{Heap before GC invocations=27 (full 7):
 PSYoungGen      total 454656K, used 357376K [0x00000000d6600000, 0x0000000100000000, 0x0000000100000000)
  eden space 227328K, 100% used [0x00000000d6600000,0x00000000e4400000,0x00000000e4400000)
  from space 227328K, 57% used [0x00000000e4400000,0x00000000ec300000,0x00000000f2200000)
  to   space 227328K, 0% used [0x00000000f2200000,0x00000000f2200000,0x0000000100000000)
 ParOldGen       total 1196032K, used 868069K [0x0000000083200000, 0x00000000cc200000, 0x00000000d6600000)
  object space 1196032K, 72% used [0x0000000083200000,0x00000000b81b9540,0x00000000cc200000)
 Metaspace       used 75892K, capacity 102512K, committed 102680K, reserved 1122304K
  class space    used 20886K, capacity 29594K, committed 29720K, reserved 1048576K
Event: 42.535 GC heap after
Heap after GC invocations=27 (full 7):
 PSYoungGen      total 454656K, used 130048K [0x00000000d6600000, 0x0000000100000000, 0x0000000100000000)
  eden space 227328K, 0% used [0x00000000d6600000,0x00000000d6600000,0x00000000e4400000)
  from space 227328K, 57% used [0x00000000f2200000,0x00000000fa100000,0x0000000100000000)
  to   space 227328K, 0% used [0x00000000e4400000,0x00000000e4400000,0x00000000f2200000)
 ParOldGen       total 1196032K, used 998485K [0x0000000083200000, 0x00000000cc200000, 0x00000000d6600000)
  object space 1196032K, 83% used [0x0000000083200000,0x00000000c0115540,0x00000000cc200000)
 Metaspace       used 75892K, capacity 102512K, committed 102680K, reserved 1122304K
  class space    used 20886K, capacity 29594K, committed 29720K, reserved 1048576K
}
Event: 42.535 GC heap before
{Heap before GC invocations=28 (full 8):
 PSYoungGen      total 454656K, used 130048K [0x00000000d6600000, 0x0000000100000000, 0x0000000100000000)
  eden space 227328K, 0% used [0x00000000d6600000,0x00000000d6600000,0x00000000e4400000)
  from space 227328K, 57% used [0x00000000f2200000,0x00000000fa100000,0x0000000100000000)
  to   space 227328K, 0% used [0x00000000e4400000,0x00000000e4400000,0x00000000f2200000)
 ParOldGen       total 1196032K, used 998485K [0x0000000083200000, 0x00000000cc200000, 0x00000000d6600000)
  object space 1196032K, 83% used [0x0000000083200000,0x00000000c0115540,0x00000000cc200000)
 Metaspace       used 75892K, capacity 102512K, committed 102680K, reserved 1122304K
  class space    used 20886K, capacity 29594K, committed 29720K, reserved 1048576K

Deoptimization events (0 events):
No events

Internal exceptions (10 events):
Event: 15.561 Thread 0x00007f5600e10800 Exception <a 'java/io/FileNotFoundException'> (0x00000000f62a4688) thrown at [/HUDSON/workspace/8-2-build-linux-amd64/jdk8u60/4407/hotspot/src/share/vm/prims/jni.cpp, line 709]
Event: 15.561 Thread 0x00007f5600e10800 Exception <a 'java/io/FileNotFoundException'> (0x00000000f62a59f8) thrown at [/HUDSON/workspace/8-2-build-linux-amd64/jdk8u60/4407/hotspot/src/share/vm/prims/jni.cpp, line 709]
Event: 15.563 Thread 0x00007f5600e10800 Exception <a 'java/io/FileNotFoundException'> (0x00000000f635fac8) thrown at [/HUDSON/workspace/8-2-build-linux-amd64/jdk8u60/4407/hotspot/src/share/vm/prims/jni.cpp, line 709]
Event: 15.594 Thread 0x00007f5600e10800 Exception <a 'java/io/FileNotFoundException'> (0x00000000f7000b78) thrown at [/HUDSON/workspace/8-2-build-linux-amd64/jdk8u60/4407/hotspot/src/share/vm/prims/jni.cpp, line 709]
Event: 15.594 Thread 0x00007f5600e10800 Exception <a 'java/io/FileNotFoundException'> (0x00000000f7001ee8) thrown at [/HUDSON/workspace/8-2-build-linux-amd64/jdk8u60/4407/hotspot/src/share/vm/prims/jni.cpp, line 709]
Event: 15.596 Thread 0x00007f5600e10800 Exception <a 'java/io/FileNotFoundException'> (0x00000000f70bbff8) thrown at [/HUDSON/workspace/8-2-build-linux-amd64/jdk8u60/4407/hotspot/src/share/vm/prims/jni.cpp, line 709]
Event: 15.620 Thread 0x00007f5600e10800 Exception <a 'java/io/FileNotFoundException'> (0x00000000f7701b00) thrown at [/HUDSON/workspace/8-2-build-linux-amd64/jdk8u60/4407/hotspot/src/share/vm/prims/jni.cpp, line 709]
Event: 15.620 Thread 0x00007f5600e10800 Exception <a 'java/io/FileNotFoundException'> (0x00000000f7702e70) thrown at [/HUDSON/workspace/8-2-build-linux-amd64/jdk8u60/4407/hotspot/src/share/vm/prims/jni.cpp, line 709]
Event: 15.624 Thread 0x00007f5600e10800 Exception <a 'java/io/FileNotFoundException'> (0x00000000f77bcf00) thrown at [/HUDSON/workspace/8-2-build-linux-amd64/jdk8u60/4407/hotspot/src/share/vm/prims/jni.cpp, line 709]
Event: 18.212 Thread 0x00007f55c0004800 Exception <a 'sun/nio/fs/UnixException'> (0x00000000decacd80) thrown at [/HUDSON/workspace/8-2-build-linux-amd64/jdk8u60/4407/hotspot/src/share/vm/prims/jni.cpp, line 709]

Events (10 events):
Event: 33.031 Thread 0x00007f55d0077000 Thread exited: 0x00007f55d0077000
Event: 34.100 Executing VM operation: ParallelGCFailedAllocation
Event: 34.554 Executing VM operation: ParallelGCFailedAllocation done
Event: 35.252 Executing VM operation: RevokeBias
Event: 35.252 Executing VM operation: RevokeBias done
Event: 35.649 Executing VM operation: ParallelGCFailedAllocation
Event: 39.536 Executing VM operation: ParallelGCFailedAllocation done
Event: 40.600 Executing VM operation: ParallelGCFailedAllocation
Event: 40.856 Executing VM operation: ParallelGCFailedAllocation done
Event: 41.918 Executing VM operation: ParallelGCFailedAllocation


Dynamic libraries:
00400000-00401000 r-xp 00000000 08:01 1179951                            /usr/lib/jvm/java-8-jdk/jre/bin/java
00600000-00601000 rw-p 00000000 08:01 1179951                            /usr/lib/jvm/java-8-jdk/jre/bin/java
00b8f000-00bf6000 rw-p 00000000 00:00 0                                  [heap]
83200000-cc200000 rw-p 00000000 00:00 0 
d6600000-100000000 rw-p 00000000 00:00 0 
100000000-101d06000 rw-p 00000000 00:00 0 
101d06000-140000000 ---p 00000000 00:00 0 
7f55a8000000-7f55a8675000 rw-p 00000000 00:00 0 
7f55a8675000-7f55ac000000 ---p 00000000 00:00 0 
7f55af2fd000-7f55af43d000 rw-p 00000000 00:00 0 
7f55af43d000-7f55af4fd000 ---p 00000000 00:00 0 
7f55af4fd000-7f55af6fd000 rw-p 00000000 00:00 0 
7f55af6fd000-7f55af700000 ---p 00000000 00:00 0 
7f55af700000-7f55af9fe000 rw-p 00000000 00:00 0 
7f55af9fe000-7f55afbfe000 rw-p 00000000 00:00 0 
7f55afbfe000-7f55afc01000 ---p 00000000 00:00 0 
7f55afc01000-7f55afcff000 rw-p 00000000 00:00 0                          [stack:18356]
7f55afcff000-7f55afd02000 ---p 00000000 00:00 0 
7f55afd02000-7f55b0000000 rw-p 00000000 00:00 0                          [stack:18355]
7f55b0000000-7f55b0021000 rw-p 00000000 00:00 0 
7f55b0021000-7f55b4000000 ---p 00000000 00:00 0 
7f55b4000000-7f55b43ce000 rw-p 00000000 00:00 0 
7f55b43ce000-7f55b8000000 ---p 00000000 00:00 0 
7f55b80e5000-7f55b80e8000 ---p 00000000 00:00 0 
7f55b80e8000-7f55b81e6000 rw-p 00000000 00:00 0                          [stack:18354]
7f55b81e6000-7f55b81e9000 ---p 00000000 00:00 0 
7f55b81e9000-7f55b84e7000 rw-p 00000000 00:00 0                          [stack:18353]
7f55b84e7000-7f55b84fb000 r-xp 00000000 08:01 3282                       /usr/lib/libresolv-2.22.so
7f55b84fb000-7f55b86fa000 ---p 00014000 08:01 3282                       /usr/lib/libresolv-2.22.so
7f55b86fa000-7f55b86fb000 r--p 00013000 08:01 3282                       /usr/lib/libresolv-2.22.so
7f55b86fb000-7f55b86fc000 rw-p 00014000 08:01 3282                       /usr/lib/libresolv-2.22.so
7f55b86fc000-7f55b86fe000 rw-p 00000000 00:00 0 
7f55b86fe000-7f55b8703000 r-xp 00000000 08:01 3274                       /usr/lib/libnss_dns-2.22.so
7f55b8703000-7f55b8902000 ---p 00005000 08:01 3274                       /usr/lib/libnss_dns-2.22.so
7f55b8902000-7f55b8903000 r--p 00004000 08:01 3274                       /usr/lib/libnss_dns-2.22.so
7f55b8903000-7f55b8904000 rw-p 00005000 08:01 3274                       /usr/lib/libnss_dns-2.22.so
7f55b8904000-7f55b8907000 ---p 00000000 00:00 0 
7f55b8907000-7f55b8a05000 rw-p 00000000 00:00 0                          [stack:18352]
7f55b8a05000-7f55b8a16000 r-xp 00000000 08:01 1180102                    /usr/lib/jvm/java-8-jdk/jre/lib/amd64/libnio.so
7f55b8a16000-7f55b8c15000 ---p 00011000 08:01 1180102                    /usr/lib/jvm/java-8-jdk/jre/lib/amd64/libnio.so
7f55b8c15000-7f55b8c16000 rw-p 00010000 08:01 1180102                    /usr/lib/jvm/java-8-jdk/jre/lib/amd64/libnio.so
7f55b8c16000-7f55b8c19000 ---p 00000000 00:00 0 
7f55b8c19000-7f55b8d17000 rw-p 00000000 00:00 0                          [stack:18351]
7f55b8d17000-7f55b8d1a000 ---p 00000000 00:00 0 
7f55b8d1a000-7f55b8e18000 rw-p 00000000 00:00 0                          [stack:18350]
7f55b8e18000-7f55b8e1b000 ---p 00000000 00:00 0 
7f55b8e1b000-7f55b8f19000 rw-p 00000000 00:00 0                          [stack:18349]
7f55b8f19000-7f55b8f1c000 ---p 00000000 00:00 0 
7f55b8f1c000-7f55b901a000 rw-p 00000000 00:00 0                          [stack:18348]
7f55b901a000-7f55b901d000 ---p 00000000 00:00 0 
7f55b901d000-7f55b911b000 rw-p 00000000 00:00 0                          [stack:18347]
7f55b911b000-7f55b911e000 ---p 00000000 00:00 0 
7f55b911e000-7f55b921c000 rw-p 00000000 00:00 0                          [stack:18346]
7f55b921c000-7f55b921f000 ---p 00000000 00:00 0 
7f55b921f000-7f55b931d000 rw-p 00000000 00:00 0                          [stack:18345]
7f55b931d000-7f55b9333000 r-xp 00000000 08:01 1180072                    /usr/lib/jvm/java-8-jdk/jre/lib/amd64/libnet.so
7f55b9333000-7f55b9533000 ---p 00016000 08:01 1180072                    /usr/lib/jvm/java-8-jdk/jre/lib/amd64/libnet.so
7f55b9533000-7f55b9534000 rw-p 00016000 08:01 1180072                    /usr/lib/jvm/java-8-jdk/jre/lib/amd64/libnet.so
7f55b9534000-7f55b9734000 rw-p 00000000 00:00 0 
7f55b9734000-7f55b9934000 rw-p 00000000 00:00 0 
7f55b9934000-7f55b9b34000 rw-p 00000000 00:00 0 
7f55b9b34000-7f55b9d34000 rw-p 00000000 00:00 0 
7f55b9d34000-7f55b9f34000 rw-p 00000000 00:00 0 
7f55b9f34000-7f55b9f39000 r-xp 00000000 08:01 29629                      /usr/lib/libXdmcp.so.6.0.0
7f55b9f39000-7f55ba138000 ---p 00005000 08:01 29629                      /usr/lib/libXdmcp.so.6.0.0
7f55ba138000-7f55ba139000 r--p 00004000 08:01 29629                      /usr/lib/libXdmcp.so.6.0.0
7f55ba139000-7f55ba13a000 rw-p 00005000 08:01 29629                      /usr/lib/libXdmcp.so.6.0.0
7f55ba13a000-7f55ba13c000 r-xp 00000000 08:01 29633                      /usr/lib/libXau.so.6.0.0
7f55ba13c000-7f55ba33c000 ---p 00002000 08:01 29633                      /usr/lib/libXau.so.6.0.0
7f55ba33c000-7f55ba33d000 r--p 00002000 08:01 29633                      /usr/lib/libXau.so.6.0.0
7f55ba33d000-7f55ba33e000 rw-p 00003000 08:01 29633                      /usr/lib/libXau.so.6.0.0
7f55ba33e000-7f55ba35f000 r-xp 00000000 08:01 31923                      /usr/lib/libxcb.so.1.1.0
7f55ba35f000-7f55ba55f000 ---p 00021000 08:01 31923                      /usr/lib/libxcb.so.1.1.0
7f55ba55f000-7f55ba560000 r--p 00021000 08:01 31923                      /usr/lib/libxcb.so.1.1.0
7f55ba560000-7f55ba561000 rw-p 00022000 08:01 31923                      /usr/lib/libxcb.so.1.1.0
7f55ba561000-7f55ba570000 r-xp 00000000 08:01 32975                      /usr/lib/libXi.so.6.1.0
7f55ba570000-7f55ba76f000 ---p 0000f000 08:01 32975                      /usr/lib/libXi.so.6.1.0
7f55ba76f000-7f55ba770000 r--p 0000e000 08:01 32975                      /usr/lib/libXi.so.6.1.0
7f55ba770000-7f55ba771000 rw-p 0000f000 08:01 32975                      /usr/lib/libXi.so.6.1.0
7f55ba771000-7f55ba776000 r-xp 00000000 08:01 32997                      /usr/lib/libXtst.so.6.1.0
7f55ba776000-7f55ba975000 ---p 00005000 08:01 32997                      /usr/lib/libXtst.so.6.1.0
7f55ba975000-7f55ba976000 r--p 00004000 08:01 32997                      /usr/lib/libXtst.so.6.1.0
7f55ba976000-7f55ba977000 rw-p 00005000 08:01 32997                      /usr/lib/libXtst.so.6.1.0
7f55ba977000-7f55ba980000 r-xp 00000000 08:01 32829                      /usr/lib/libXrender.so.1.3.0
7f55ba980000-7f55bab7f000 ---p 00009000 08:01 32829                      /usr/lib/libXrender.so.1.3.0
7f55bab7f000-7f55bab80000 r--p 00008000 08:01 32829                      /usr/lib/libXrender.so.1.3.0
7f55bab80000-7f55bab81000 rw-p 00009000 08:01 32829                      /usr/lib/libXrender.so.1.3.0
7f55bab81000-7f55bacbc000 r-xp 00000000 08:01 32004                      /usr/lib/libX11.so.6.3.0
7f55bacbc000-7f55baebb000 ---p 0013b000 08:01 32004                      /usr/lib/libX11.so.6.3.0
7f55baebb000-7f55baebd000 r--p 0013a000 08:01 32004                      /usr/lib/libX11.so.6.3.0
7f55baebd000-7f55baec2000 rw-p 0013c000 08:01 32004                      /usr/lib/libX11.so.6.3.0
7f55baec2000-7f55baec3000 rw-p 00000000 00:00 0 
7f55baec3000-7f55baed4000 r-xp 00000000 08:01 32895                      /usr/lib/libXext.so.6.4.0
7f55baed4000-7f55bb0d3000 ---p 00011000 08:01 32895                      /usr/lib/libXext.so.6.4.0
7f55bb0d3000-7f55bb0d4000 r--p 00010000 08:01 32895                      /usr/lib/libXext.so.6.4.0
7f55bb0d4000-7f55bb0d5000 rw-p 00011000 08:01 32895                      /usr/lib/libXext.so.6.4.0
7f55bb0d5000-7f55bb129000 r-xp 00000000 08:01 1180091                    /usr/lib/jvm/java-8-jdk/jre/lib/amd64/libawt_xawt.so
7f55bb129000-7f55bb329000 ---p 00054000 08:01 1180091                    /usr/lib/jvm/java-8-jdk/jre/lib/amd64/libawt_xawt.so
7f55bb329000-7f55bb32d000 rw-p 00054000 08:01 1180091                    /usr/lib/jvm/java-8-jdk/jre/lib/amd64/libawt_xawt.so
7f55bb32d000-7f55bb32e000 rw-p 00000000 00:00 0 
7f55bb32e000-7f55bb3d0000 r-xp 00000000 08:01 1180067                    /usr/lib/jvm/java-8-jdk/jre/lib/amd64/libawt.so
7f55bb3d0000-7f55bb5d0000 ---p 000a2000 08:01 1180067                    /usr/lib/jvm/java-8-jdk/jre/lib/amd64/libawt.so
7f55bb5d0000-7f55bb5dc000 rw-p 000a2000 08:01 1180067                    /usr/lib/jvm/java-8-jdk/jre/lib/amd64/libawt.so
7f55bb5dc000-7f55bb800000 rw-p 00000000 00:00 0 
7f55bb800000-7f55bba00000 rw-p 00000000 00:00 0 
7f55bba00000-7f55bbc00000 rw-p 00000000 00:00 0 
7f55bbc00000-7f55bbe00000 rw-p 00000000 00:00 0 
7f55bbe00000-7f55bc000000 rw-p 00000000 00:00 0 
7f55bc000000-7f55bc021000 rw-p 00000000 00:00 0 
7f55bc021000-7f55c0000000 ---p 00000000 00:00 0 
7f55c0000000-7f55c0021000 rw-p 00000000 00:00 0 
7f55c0021000-7f55c4000000 ---p 00000000 00:00 0 
7f55c4000000-7f55c45a2000 rw-p 00000000 00:00 0 
7f55c45a2000-7f55c8000000 ---p 00000000 00:00 0 
7f55c8000000-7f55c8021000 rw-p 00000000 00:00 0 
7f55c8021000-7f55cc000000 ---p 00000000 00:00 0 
7f55cc000000-7f55cc021000 rw-p 00000000 00:00 0 
7f55cc021000-7f55d0000000 ---p 00000000 00:00 0 
7f55d0000000-7f55d0091000 rw-p 00000000 00:00 0 
7f55d0091000-7f55d4000000 ---p 00000000 00:00 0 
7f55d4000000-7f55d4021000 rw-p 00000000 00:00 0 
7f55d4021000-7f55d8000000 ---p 00000000 00:00 0 
7f55d8000000-7f55d8021000 rw-p 00000000 00:00 0 
7f55d8021000-7f55dc000000 ---p 00000000 00:00 0 
7f55dc000000-7f55dc054000 rw-p 00000000 00:00 0 
7f55dc054000-7f55e0000000 ---p 00000000 00:00 0 
7f55e0000000-7f55e028e000 rw-p 00000000 00:00 0 
7f55e028e000-7f55e4000000 ---p 00000000 00:00 0 
7f55e4000000-7f55e4021000 rw-p 00000000 00:00 0 
7f55e4021000-7f55e8000000 ---p 00000000 00:00 0 
7f55e80b9000-7f55e8132000 r--s 010e2000 08:01 1180173                    /usr/lib/jvm/java-8-jdk/lib/tools.jar
7f55e8132000-7f55e81fa000 r--s 01359000 08:01 1179878                    /usr/lib/jvm/java-8-jdk/src.zip
7f55e81fa000-7f55e83fa000 rw-p 00000000 00:00 0 
7f55e83fa000-7f55e8400000 r--s 0003f000 08:01 1180025                    /usr/lib/jvm/java-8-jdk/jre/lib/ext/sunjce_provider.jar
7f55e8400000-7f55e840a000 r--s 00116000 08:01 1180024                    /usr/lib/jvm/java-8-jdk/jre/lib/ext/localedata.jar
7f55e840a000-7f55e84a0000 r--s 01107000 08:01 1180023                    /usr/lib/jvm/java-8-jdk/jre/lib/ext/jfxrt.jar
7f55e84a0000-7f55e84a4000 r--s 0003a000 08:01 1180021                    /usr/lib/jvm/java-8-jdk/jre/lib/ext/sunpkcs11.jar
7f55e84a4000-7f55e84c0000 r--s 00393000 08:01 1180018                    /usr/lib/jvm/java-8-jdk/jre/lib/ext/cldrdata.jar
7f55e84c0000-7f55e84da000 r--s 001d2000 08:01 1180016                    /usr/lib/jvm/java-8-jdk/jre/lib/ext/nashorn.jar
7f55e84da000-7f55e84df000 r--s 00083000 08:01 1179969                    /usr/lib/jvm/java-8-jdk/jre/lib/jfr.jar
7f55e84df000-7f55e86df000 rw-p 00000000 00:00 0 
7f55e86df000-7f55e88df000 rw-p 00000000 00:00 0 
7f55e88df000-7f55e88f5000 r-xp 00000000 08:01 3540                       /usr/lib/libgcc_s.so.1
7f55e88f5000-7f55e8af4000 ---p 00016000 08:01 3540                       /usr/lib/libgcc_s.so.1
7f55e8af4000-7f55e8af5000 rw-p 00015000 08:01 3540                       /usr/lib/libgcc_s.so.1
7f55e8af5000-7f55e8b27000 r-xp 00000000 08:01 1180115                    /usr/lib/jvm/java-8-jdk/jre/lib/amd64/libsunec.so
7f55e8b27000-7f55e8d26000 ---p 00032000 08:01 1180115                    /usr/lib/jvm/java-8-jdk/jre/lib/amd64/libsunec.so
7f55e8d26000-7f55e8d2c000 rw-p 00031000 08:01 1180115                    /usr/lib/jvm/java-8-jdk/jre/lib/amd64/libsunec.so
7f55e8d2c000-7f55e8f3c000 rw-p 00000000 00:00 0 
7f55e8f3c000-7f55e913c000 rw-p 00000000 00:00 0 
7f55e913c000-7f55e933c000 rw-p 00000000 00:00 0 
7f55e933c000-7f55e953c000 rw-p 00000000 00:00 0 
7f55e953c000-7f55e973c000 rw-p 00000000 00:00 0 
7f55e973c000-7f55e9804000 r--s 00a85000 00:1f 1646106                    /tmp/lein-standalone4570974708835660352.jar
7f55e9804000-7f55e9a04000 rw-p 00000000 00:00 0 
7f55e9a04000-7f55e9c04000 rw-p 00000000 00:00 0 
7f55e9c04000-7f55e9e04000 rw-p 00000000 00:00 0 
7f55e9e04000-7f55ea004000 rw-p 00000000 00:00 0 
7f55ea004000-7f55ea204000 rw-p 00000000 00:00 0 
7f55ea204000-7f55ea207000 ---p 00000000 00:00 0 
7f55ea207000-7f55ea305000 rw-p 00000000 00:00 0                          [stack:18339]
7f55ea305000-7f55ea308000 ---p 00000000 00:00 0 
7f55ea308000-7f55ea606000 rw-p 00000000 00:00 0                          [stack:18338]
7f55ea606000-7f55ea806000 rw-p 00000000 00:00 0 
7f55ea806000-7f55eaa06000 rw-p 00000000 00:00 0 
7f55eaa06000-7f55eaa47000 r--s 00368000 08:01 1314640                    /home/rob/.m2/repository/org/clojure/clojure/1.7.0/clojure-1.7.0.jar
7f55eaa47000-7f55eaa79000 r--s 002a5000 08:01 2235729                    /home/rob/.m2/repository/io/netty/netty-all/4.1.0.Beta6/netty-all-4.1.0.Beta6.jar
7f55eaa79000-7f55eaa98000 r--s 00b77000 08:01 2232639                    /home/rob/.m2/repository/refactor-nrepl/refactor-nrepl/2.0.0-SNAPSHOT/refactor-nrepl-2.0.0-SNAPSHOT.jar
7f55eaa98000-7f55eaa99000 ---p 00000000 00:00 0 
7f55eaa99000-7f55eab99000 rw-p 00000000 00:00 0                          [stack:18337]
7f55eab99000-7f55eab9c000 ---p 00000000 00:00 0 
7f55eab9c000-7f55eac9a000 rw-p 00000000 00:00 0                          [stack:18336]
7f55eac9a000-7f55eac9d000 ---p 00000000 00:00 0 
7f55eac9d000-7f55ead9b000 rw-p 00000000 00:00 0                          [stack:18335]
7f55ead9b000-7f55ead9e000 ---p 00000000 00:00 0 
7f55ead9e000-7f55eae9c000 rw-p 00000000 00:00 0                          [stack:18334]
7f55eae9c000-7f55eae9f000 ---p 00000000 00:00 0 
7f55eae9f000-7f55eaf9d000 rw-p 00000000 00:00 0                          [stack:18333]
7f55eaf9d000-7f55eb16b000 r--p 00000000 08:01 37982                      /usr/lib/locale/locale-archive
7f55eb16b000-7f55eb16e000 ---p 00000000 00:00 0 
7f55eb16e000-7f55eb26c000 rw-p 00000000 00:00 0                          [stack:18332]
7f55eb26c000-7f55eb26f000 ---p 00000000 00:00 0 
7f55eb26f000-7f55eb36d000 rw-p 00000000 00:00 0                          [stack:18331]
7f55eb36d000-7f55eb36e000 ---p 00000000 00:00 0 
7f55eb36e000-7f55ebde7000 rw-p 00000000 00:00 0                          [stack:18330]
7f55ebde7000-7f55ebfbf000 r--s 03d17000 08:01 1179970                    /usr/lib/jvm/java-8-jdk/jre/lib/rt.jar
7f55ebfbf000-7f55f0a16000 rw-p 00000000 00:00 0 
7f55f0a16000-7f55f0a17000 ---p 00000000 00:00 0 
7f55f0a17000-7f55f0b17000 rw-p 00000000 00:00 0                          [stack:18329]
7f55f0b17000-7f55f0b18000 ---p 00000000 00:00 0 
7f55f0b18000-7f55f0e60000 rw-p 00000000 00:00 0                          [stack:18328]
7f55f0e60000-7f55f0eb2000 ---p 00000000 00:00 0 
7f55f0eb2000-7f55f0fff000 rw-p 00000000 00:00 0 
7f55f0fff000-7f55f1000000 rw-p 00000000 00:00 0 
7f55f1000000-7f55f1c80000 rwxp 00000000 00:00 0 
7f55f1c80000-7f5600000000 ---p 00000000 00:00 0 
7f5600000000-7f5601811000 rw-p 00000000 00:00 0 
7f5601811000-7f5604000000 ---p 00000000 00:00 0 
7f5604000000-7f5604001000 rw-p 00000000 00:00 0 
7f5604001000-7f5604002000 r--s 00010000 08:01 1180026                    /usr/lib/jvm/java-8-jdk/jre/lib/ext/zipfs.jar
7f5604002000-7f5604008000 r--s 002f8000 08:01 1179974                    /usr/lib/jvm/java-8-jdk/jre/lib/charsets.jar
7f5604008000-7f560401b000 r--s 00344000 08:01 1179962                    /usr/lib/jvm/java-8-jdk/jre/lib/resources.jar
7f560401b000-7f560401e000 r--s 0001a000 08:01 1179965                    /usr/lib/jvm/java-8-jdk/jre/lib/jce.jar
7f560401e000-7f56042fd000 rw-p 00000000 00:00 0 
7f56042fd000-7f560434f000 ---p 00000000 00:00 0 
7f560434f000-7f5604381000 rw-p 00000000 00:00 0 
7f5604381000-7f560470f000 ---p 00000000 00:00 0 
7f560470f000-7f5604729000 r-xp 00000000 08:01 1180118                    /usr/lib/jvm/java-8-jdk/jre/lib/amd64/libzip.so
7f5604729000-7f5604929000 ---p 0001a000 08:01 1180118                    /usr/lib/jvm/java-8-jdk/jre/lib/amd64/libzip.so
7f5604929000-7f560492a000 rw-p 0001a000 08:01 1180118                    /usr/lib/jvm/java-8-jdk/jre/lib/amd64/libzip.so
7f560492a000-7f5604935000 r-xp 00000000 08:01 3275                       /usr/lib/libnss_files-2.22.so
7f5604935000-7f5604b34000 ---p 0000b000 08:01 3275                       /usr/lib/libnss_files-2.22.so
7f5604b34000-7f5604b35000 r--p 0000a000 08:01 3275                       /usr/lib/libnss_files-2.22.so
7f5604b35000-7f5604b36000 rw-p 0000b000 08:01 3275                       /usr/lib/libnss_files-2.22.so
7f5604b36000-7f5604b3c000 rw-p 00000000 00:00 0 
7f5604b3c000-7f5604b66000 r-xp 00000000 08:01 1180105                    /usr/lib/jvm/java-8-jdk/jre/lib/amd64/libjava.so
7f5604b66000-7f5604d66000 ---p 0002a000 08:01 1180105                    /usr/lib/jvm/java-8-jdk/jre/lib/amd64/libjava.so
7f5604d66000-7f5604d68000 rw-p 0002a000 08:01 1180105                    /usr/lib/jvm/java-8-jdk/jre/lib/amd64/libjava.so
7f5604d68000-7f5604d75000 r-xp 00000000 08:01 1180120                    /usr/lib/jvm/java-8-jdk/jre/lib/amd64/libverify.so
7f5604d75000-7f5604f75000 ---p 0000d000 08:01 1180120                    /usr/lib/jvm/java-8-jdk/jre/lib/amd64/libverify.so
7f5604f75000-7f5604f77000 rw-p 0000d000 08:01 1180120                    /usr/lib/jvm/java-8-jdk/jre/lib/amd64/libverify.so
7f5604f77000-7f5604f7e000 r-xp 00000000 08:01 3283                       /usr/lib/librt-2.22.so
7f5604f7e000-7f560517d000 ---p 00007000 08:01 3283                       /usr/lib/librt-2.22.so
7f560517d000-7f560517e000 r--p 00006000 08:01 3283                       /usr/lib/librt-2.22.so
7f560517e000-7f560517f000 rw-p 00007000 08:01 3283                       /usr/lib/librt-2.22.so
7f560517f000-7f560527c000 r-xp 00000000 08:01 3280                       /usr/lib/libm-2.22.so
7f560527c000-7f560547b000 ---p 000fd000 08:01 3280                       /usr/lib/libm-2.22.so
7f560547b000-7f560547c000 r--p 000fc000 08:01 3280                       /usr/lib/libm-2.22.so
7f560547c000-7f560547d000 rw-p 000fd000 08:01 3280                       /usr/lib/libm-2.22.so
7f560547d000-7f560613b000 r-xp 00000000 08:01 1180126                    /usr/lib/jvm/java-8-jdk/jre/lib/amd64/server/libjvm.so
7f560613b000-7f560633a000 ---p 00cbe000 08:01 1180126                    /usr/lib/jvm/java-8-jdk/jre/lib/amd64/server/libjvm.so
7f560633a000-7f5606412000 rw-p 00cbd000 08:01 1180126                    /usr/lib/jvm/java-8-jdk/jre/lib/amd64/server/libjvm.so
7f5606412000-7f5606457000 rw-p 00000000 00:00 0 
7f5606457000-7f56065f2000 r-xp 00000000 08:01 3226                       /usr/lib/libc-2.22.so
7f56065f2000-7f56067f1000 ---p 0019b000 08:01 3226                       /usr/lib/libc-2.22.so
7f56067f1000-7f56067f5000 r--p 0019a000 08:01 3226                       /usr/lib/libc-2.22.so
7f56067f5000-7f56067f7000 rw-p 0019e000 08:01 3226                       /usr/lib/libc-2.22.so
7f56067f7000-7f56067fb000 rw-p 00000000 00:00 0 
7f56067fb000-7f56067fe000 r-xp 00000000 08:01 3279                       /usr/lib/libdl-2.22.so
7f56067fe000-7f56069fd000 ---p 00003000 08:01 3279                       /usr/lib/libdl-2.22.so
7f56069fd000-7f56069fe000 r--p 00002000 08:01 3279                       /usr/lib/libdl-2.22.so
7f56069fe000-7f56069ff000 rw-p 00003000 08:01 3279                       /usr/lib/libdl-2.22.so
7f56069ff000-7f5606a14000 r-xp 00000000 08:01 1180127                    /usr/lib/jvm/java-8-jdk/jre/lib/amd64/jli/libjli.so
7f5606a14000-7f5606c14000 ---p 00015000 08:01 1180127                    /usr/lib/jvm/java-8-jdk/jre/lib/amd64/jli/libjli.so
7f5606c14000-7f5606c15000 rw-p 00015000 08:01 1180127                    /usr/lib/jvm/java-8-jdk/jre/lib/amd64/jli/libjli.so
7f5606c15000-7f5606c2d000 r-xp 00000000 08:01 3193                       /usr/lib/libpthread-2.22.so
7f5606c2d000-7f5606e2c000 ---p 00018000 08:01 3193                       /usr/lib/libpthread-2.22.so
7f5606e2c000-7f5606e2d000 r--p 00017000 08:01 3193                       /usr/lib/libpthread-2.22.so
7f5606e2d000-7f5606e2e000 rw-p 00018000 08:01 3193                       /usr/lib/libpthread-2.22.so
7f5606e2e000-7f5606e32000 rw-p 00000000 00:00 0 
7f5606e32000-7f5606e54000 r-xp 00000000 08:01 3224                       /usr/lib/ld-2.22.so
7f5606e54000-7f5606e55000 r--s 0000a000 08:01 1180022                    /usr/lib/jvm/java-8-jdk/jre/lib/ext/jaccess.jar
7f5606e55000-7f5606e56000 r--s 00009000 08:01 1180017                    /usr/lib/jvm/java-8-jdk/jre/lib/ext/sunec.jar
7f5606e56000-7f5606e58000 r--s 00001000 08:01 1180019                    /usr/lib/jvm/java-8-jdk/jre/lib/ext/dnsns.jar
7f5606e58000-7f5606e5c000 r--s 00095000 08:01 1179952                    /usr/lib/jvm/java-8-jdk/jre/lib/jsse.jar
7f5606e5c000-7f5606e5e000 r--s 0000c000 08:01 2104581                    /home/rob/.m2/repository/io/aleph/dirigiste/0.1.1/dirigiste-0.1.1.jar
7f5606e5e000-7f5606e60000 r--s 00009000 08:01 3671784                    /home/rob/.m2/repository/manifold/manifold/0.1.1/manifold-0.1.1.jar
7f5606e60000-7f5606e62000 r--s 00002000 08:01 2232625                    /home/rob/.m2/repository/riddley/riddley/0.1.10/riddley-0.1.10.jar
7f5606e62000-7f5606e63000 r--s 00009000 08:01 3672985                    /home/rob/.m2/repository/org/clojure/tools.nrepl/0.2.12/tools.nrepl-0.2.12.jar
7f5606e63000-7f5606e64000 r--s 00002000 08:01 2235699                    /home/rob/.m2/repository/primitive-math/primitive-math/0.1.4/primitive-math-0.1.4.jar
7f5606e64000-7f5606e65000 r--s 00004000 08:01 1966467                    /home/rob/.m2/repository/org/clojure/tools.namespace/0.2.11/tools.namespace-0.2.11.jar
7f5606e65000-7f5606e66000 r--s 00001000 08:01 1314641                    /home/rob/.m2/repository/org/clojure/tools.logging/0.3.1/tools.logging-0.3.1.jar
7f5606e66000-7f5606f32000 rw-p 00000000 00:00 0 
7f5606f32000-7f5606f35000 ---p 00000000 00:00 0 
7f5606f35000-7f5607037000 rw-p 00000000 00:00 0                          [stack:18323]
7f5607037000-7f5607038000 r--s 00006000 08:01 3952448                    /home/rob/.m2/repository/gloss/gloss/0.2.5/gloss-0.2.5.jar
7f5607038000-7f560703a000 r--s 00013000 08:01 3672939                    /home/rob/.m2/repository/clj-tuple/clj-tuple/0.2.2/clj-tuple-0.2.2.jar
7f560703a000-7f560703b000 r--s 00005000 08:01 2235731                    /home/rob/.m2/repository/byte-streams/byte-streams/0.2.1-alpha1/byte-streams-0.2.1-alpha1.jar
7f560703b000-7f560703d000 r--s 00004000 08:01 3672938                    /home/rob/.m2/repository/potemkin/potemkin/0.4.1/potemkin-0.4.1.jar
7f560703d000-7f560703f000 r--s 00008000 08:01 3952454                    /home/rob/.m2/repository/aleph/aleph/0.4.1-beta2/aleph-0.4.1-beta2.jar
7f560703f000-7f5607045000 r--s 0002c000 08:01 1841438                    /home/rob/.m2/repository/cider/cider-nrepl/0.10.0-SNAPSHOT/cider-nrepl-0.10.0-SNAPSHOT.jar
7f5607045000-7f5607046000 r--s 00000000 08:01 395130                     /home/rob/.m2/repository/clojure-complete/clojure-complete/0.2.3/clojure-complete-0.2.3.jar
7f5607046000-7f5607048000 r--s 00000000 08:01 1841387                    /home/rob/.m2/repository/org/tcrawley/dynapath/0.2.3/dynapath-0.2.3.jar
7f5607048000-7f5607050000 rw-s 00000000 00:1f 1645988                    /tmp/hsperfdata_rob/18321
7f5607050000-7f5607051000 rw-p 00000000 00:00 0 
7f5607051000-7f5607052000 ---p 00000000 00:00 0 
7f5607052000-7f5607053000 rw-p 00000000 00:00 0 
7f5607053000-7f5607054000 r--p 00021000 08:01 3224                       /usr/lib/ld-2.22.so
7f5607054000-7f5607055000 rw-p 00022000 08:01 3224                       /usr/lib/ld-2.22.so
7f5607055000-7f5607056000 rw-p 00000000 00:00 0 
7ffc75610000-7ffc75632000 rw-p 00000000 00:00 0                          [stack]
7ffc757d7000-7ffc757d9000 r--p 00000000 00:00 0                          [vvar]
7ffc757d9000-7ffc757db000 r-xp 00000000 00:00 0                          [vdso]
ffffffffff600000-ffffffffff601000 r-xp 00000000 00:00 0                  [vsyscall]

VM Arguments:
jvm_args: -Dfile.encoding=UTF-8 -XX:+TieredCompilation -XX:TieredStopAtLevel=1 -XX:-OmitStackTraceInFastThrow -Dclojure.compile.path=/home/rob/projects/greta/target/classes -Dgreta.version=0.1.0-SNAPSHOT -Dclojure.debug=false 
java_command: clojure.main -i /tmp/form-init1870404847270478325.clj
java_class_path (initial): /home/rob/projects/greta/test:/home/rob/projects/greta/src:/home/rob/projects/greta/dev-resources:/home/rob/projects/greta/resources:/home/rob/projects/greta/target/classes:/home/rob/.m2/repository/org/tcrawley/dynapath/0.2.3/dynapath-0.2.3.jar:/home/rob/.m2/repository/clojure-complete/clojure-complete/0.2.3/clojure-complete-0.2.3.jar:/home/rob/.m2/repository/cider/cider-nrepl/0.10.0-SNAPSHOT/cider-nrepl-0.10.0-SNAPSHOT.jar:/home/rob/.m2/repository/aleph/aleph/0.4.1-beta2/aleph-0.4.1-beta2.jar:/home/rob/.m2/repository/potemkin/potemkin/0.4.1/potemkin-0.4.1.jar:/home/rob/.m2/repository/refactor-nrepl/refactor-nrepl/2.0.0-SNAPSHOT/refactor-nrepl-2.0.0-SNAPSHOT.jar:/home/rob/.m2/repository/byte-streams/byte-streams/0.2.1-alpha1/byte-streams-0.2.1-alpha1.jar:/home/rob/.m2/repository/clj-tuple/clj-tuple/0.2.2/clj-tuple-0.2.2.jar:/home/rob/.m2/repository/gloss/gloss/0.2.5/gloss-0.2.5.jar:/home/rob/.m2/repository/io/netty/netty-all/4.1.0.Beta6/netty-all-4.1.0.Beta6.jar:/home/rob/.m2/repository/org/clojure/clojure/1.7.0/clojure-1.7.0.jar:/home/rob/.m2/repository/org/clojure/tools.logging/0.3.1/tools.logging-0.3.1.jar:/home/rob/.m2/repository/org/clojure/tools.namespace/0.2.11/tools.namespace-0.2.11.jar:/home/rob/.m2/repository/primitive-math/primitive-math/0.1.4/primitive-math-0.1.4.jar:/home/rob/.m2/repository/org/clojure/tools.nrepl/0.2.12/tools.nrepl-0.2.12.jar:/home/rob/.m2/repository/riddley/riddley/0.1.10/riddley-0.1.10.jar:/home/rob/.m2/repository/manifold/manifold/0.1.1/manifold-0.1.1.jar:/home/rob/.m2/repository/io/aleph/dirigiste/0.1.1/dirigiste-0.1.1.jar
Launcher Type: SUN_STANDARD

Environment Variables:
JAVA_HOME=/usr/lib/jvm/default
CLASSPATH=/home/rob/.lein/self-installs/leiningen-2.5.1-standalone.jar
PATH=/home/rob/.gem/ruby/2.2.0/bin:/usr/local/sbin:/usr/local/bin:/usr/bin:/usr/lib/jvm/default/bin:/usr/bin/site_perl:/usr/bin/vendor_perl:/usr/bin/core_perl:/home/rob/bin:/home/rob/bin:/usr/local/bin:/usr/texbin
SHELL=/bin/bash
DISPLAY=:0.0

Signal Handlers:
SIGSEGV: [libjvm.so+0xaba070], sa_mask[0]=11111111011111111101111111111110, sa_flags=SA_RESTART|SA_SIGINFO
SIGBUS: [libjvm.so+0xaba070], sa_mask[0]=11111111011111111101111111111110, sa_flags=SA_RESTART|SA_SIGINFO
SIGFPE: [libjvm.so+0x917630], sa_mask[0]=11111111011111111101111111111110, sa_flags=SA_RESTART|SA_SIGINFO
SIGPIPE: [libjvm.so+0x917630], sa_mask[0]=11111111011111111101111111111110, sa_flags=SA_RESTART|SA_SIGINFO
SIGXFSZ: [libjvm.so+0x917630], sa_mask[0]=11111111011111111101111111111110, sa_flags=SA_RESTART|SA_SIGINFO
SIGILL: [libjvm.so+0x917630], sa_mask[0]=11111111011111111101111111111110, sa_flags=SA_RESTART|SA_SIGINFO
SIGUSR1: SIG_DFL, sa_mask[0]=00000000000000000000000000000000, sa_flags=none
SIGUSR2: [libjvm.so+0x918c60], sa_mask[0]=00100000000000000000000000000000, sa_flags=SA_RESTART|SA_SIGINFO
SIGHUP: [libjvm.so+0x91a060], sa_mask[0]=11111111011111111101111111111110, sa_flags=SA_RESTART|SA_SIGINFO
SIGINT: [libjvm.so+0x91a060], sa_mask[0]=11111111011111111101111111111110, sa_flags=SA_RESTART|SA_SIGINFO
SIGTERM: [libjvm.so+0x91a060], sa_mask[0]=11111111011111111101111111111110, sa_flags=SA_RESTART|SA_SIGINFO
SIGQUIT: [libjvm.so+0x91a060], sa_mask[0]=11111111011111111101111111111110, sa_flags=SA_RESTART|SA_SIGINFO


---------------  S Y S T E M  ---------------

OS:LSB_VERSION=1.4
DISTRIB_ID=Arch
DISTRIB_RELEASE=rolling
DISTRIB_DESCRIPTION="Arch Linux"

uname:Linux 4.2.3-1-ARCH #1 SMP PREEMPT Sat Oct 3 18:52:50 CEST 2015 x86_64
libc:glibc 2.22 NPTL 2.22 
rlimit: STACK 8515k, CORE 0k, NPROC 31935, NOFILE 4096, AS infinity
load average:1.55 0.66 0.32

/proc/meminfo:
MemTotal:        8180932 kB
MemFree:           61444 kB
MemAvailable:     124696 kB
Buffers:            3264 kB
Cached:           477152 kB
SwapCached:            0 kB
Active:          7704752 kB
Inactive:         261296 kB
Active(anon):    7660660 kB
Inactive(anon):   224468 kB
Active(file):      44092 kB
Inactive(file):    36828 kB
Unevictable:           0 kB
Mlocked:               0 kB
SwapTotal:             0 kB
SwapFree:              0 kB
Dirty:               228 kB
Writeback:             0 kB
AnonPages:       7485596 kB
Mapped:           287968 kB
Shmem:            399560 kB
Slab:              45900 kB
SReclaimable:      21444 kB
SUnreclaim:        24456 kB
KernelStack:        8352 kB
PageTables:        35276 kB
NFS_Unstable:          0 kB
Bounce:                0 kB
WritebackTmp:          0 kB
CommitLimit:     4090464 kB
Committed_AS:   11569416 kB
VmallocTotal:   34359738367 kB
VmallocUsed:      166440 kB
VmallocChunk:   34359341052 kB
HardwareCorrupted:     0 kB
AnonHugePages:   5031936 kB
HugePages_Total:       0
HugePages_Free:        0
HugePages_Rsvd:        0
HugePages_Surp:        0
Hugepagesize:       2048 kB
DirectMap4k:      161728 kB
DirectMap2M:     8226816 kB
DirectMap1G:     2097152 kB


CPU:total 2 (1 cores per cpu, 1 threads per core) family 6 model 69 stepping 1, cmov, cx8, fxsr, mmx, sse, sse2, sse3, ssse3, sse4.1, sse4.2, popcnt, avx, avx2, aes, clmul, erms, lzcnt, tsc, tscinvbit, bmi1, bmi2

/proc/cpuinfo:
processor	: 0
vendor_id	: GenuineIntel
cpu family	: 6
model		: 69
model name	: Intel(R) Core(TM) i7-4578U CPU @ 3.00GHz
stepping	: 1
microcode	: 0x17
cpu MHz		: 2999.775
cache size	: 4096 KB
physical id	: 0
siblings	: 1
core id		: 0
cpu cores	: 1
apicid		: 0
initial apicid	: 0
fpu		: yes
fpu_exception	: yes
cpuid level	: 13
wp		: yes
flags		: fpu vme de pse tsc msr pae mce cx8 apic sep mtrr pge mca cmov pat pse36 clflush dts mmx fxsr sse sse2 ss syscall nx pdpe1gb rdtscp lm constant_tsc arch_perfmon pebs bts nopl xtopology tsc_reliable nonstop_tsc aperfmperf eagerfpu pni pclmulqdq ssse3 fma cx16 pcid sse4_1 sse4_2 x2apic movbe popcnt tsc_deadline_timer aes xsave avx f16c rdrand hypervisor lahf_lm abm ida arat epb pln pts dtherm fsgsbase tsc_adjust bmi1 avx2 smep bmi2 invpcid xsaveopt
bugs		:
bogomips	: 6001.53
clflush size	: 64
cache_alignment	: 64
address sizes	: 42 bits physical, 48 bits virtual
power management:

processor	: 1
vendor_id	: GenuineIntel
cpu family	: 6
model		: 69
model name	: Intel(R) Core(TM) i7-4578U CPU @ 3.00GHz
stepping	: 1
microcode	: 0x17
cpu MHz		: 2999.775
cache size	: 4096 KB
physical id	: 2
siblings	: 1
core id		: 0
cpu cores	: 1
apicid		: 2
initial apicid	: 2
fpu		: yes
fpu_exception	: yes
cpuid level	: 13
wp		: yes
flags		: fpu vme de pse tsc msr pae mce cx8 apic sep mtrr pge mca cmov pat pse36 clflush dts mmx fxsr sse sse2 ss syscall nx pdpe1gb rdtscp lm constant_tsc arch_perfmon pebs bts nopl xtopology tsc_reliable nonstop_tsc aperfmperf eagerfpu pni pclmulqdq ssse3 fma cx16 pcid sse4_1 sse4_2 x2apic movbe popcnt tsc_deadline_timer aes xsave avx f16c rdrand hypervisor lahf_lm abm ida arat epb pln pts dtherm fsgsbase tsc_adjust bmi1 avx2 smep bmi2 invpcid xsaveopt
bugs		:
bogomips	: 6001.53
clflush size	: 64
cache_alignment	: 64
address sizes	: 42 bits physical, 48 bits virtual
power management:



Memory: 4k page, physical 8180932k(61444k free), swap 0k(0k free)

vm_info: Java HotSpot(TM) 64-Bit Server VM (25.60-b23) for linux-amd64 JRE (1.8.0_60-b27), built on Aug  4 2015 12:19:40 by "java_re" with gcc 4.3.0 20080428 (Red Hat 4.3.0-8)

time: Sat Nov  7 23:49:00 2015
elapsed time: 49 seconds (0d 0h 0m 49s)

